<?xml version="1.0" encoding="UTF-8"?>
<robot generator="Robot 7.0 (Python 3.12.1 on win32)" generated="2024-03-26T13:15:04.867115" rpa="false" schemaversion="5">
<suite id="s1" name="Built in" source="C:\development\Practice_scripts\tests\Built_in.robot">
<test id="s1-t1" name="Declare and set variables" line="15">
<kw name="Set Variable" owner="BuiltIn">
<msg time="2024-03-26T13:15:05.163903" level="INFO">${some_test_data} = This is only available within this test</msg>
<var>${some_test_data}</var>
<arg>This is only available within this test</arg>
<doc>Returns the given values which can then be assigned to a variables.</doc>
<status status="PASS" start="2024-03-26T13:15:05.163903" elapsed="0.000000"/>
</kw>
<kw name="Set Test Variable" owner="BuiltIn">
<msg time="2024-03-26T13:15:05.165904" level="INFO">${more_test_data} = This is also only available within this test</msg>
<arg>${more_test_data}</arg>
<arg>This is also only available within this test</arg>
<doc>Makes a variable available everywhere within the scope of the current test.</doc>
<status status="PASS" start="2024-03-26T13:15:05.164908" elapsed="0.000996"/>
</kw>
<kw name="Set Suite Variable" owner="BuiltIn">
<msg time="2024-03-26T13:15:05.167916" level="INFO">${some_suite_data} = This is available within all tests in this suite</msg>
<arg>${some_suite_data}</arg>
<arg>This is available within all tests in this suite</arg>
<doc>Makes a variable available everywhere within the scope of the current suite.</doc>
<status status="PASS" start="2024-03-26T13:15:05.166904" elapsed="0.001012"/>
</kw>
<kw name="Set Global Variable" owner="BuiltIn">
<msg time="2024-03-26T13:15:05.168951" level="INFO">${SOME_GLOBAL_DATA} = This available everywhere</msg>
<arg>${SOME_GLOBAL_DATA}</arg>
<arg>This available everywhere</arg>
<doc>Makes a variable available globally in all tests and suites.</doc>
<status status="PASS" start="2024-03-26T13:15:05.168951" elapsed="0.000000"/>
</kw>
<status status="PASS" start="2024-03-26T13:15:05.161906" elapsed="0.007045"/>
</test>
<test id="s1-t2" name="Logging stuff" line="25">
<kw name="Comment" owner="BuiltIn">
<arg>${unset_variable}</arg>
<doc>Displays the given messages in the log file as keyword arguments.</doc>
<status status="PASS" start="2024-03-26T13:15:05.171048" elapsed="0.000000"/>
</kw>
<kw name="Comment" owner="BuiltIn">
<arg>Just a random comment</arg>
<doc>Displays the given messages in the log file as keyword arguments.</doc>
<status status="PASS" start="2024-03-26T13:15:05.171048" elapsed="0.000000"/>
</kw>
<kw name="Comment" owner="BuiltIn">
<arg>${GLOBAL1}</arg>
<doc>Displays the given messages in the log file as keyword arguments.</doc>
<status status="PASS" start="2024-03-26T13:15:05.172095" elapsed="0.000000"/>
</kw>
<kw name="Log" owner="BuiltIn">
<msg time="2024-03-26T13:15:05.172095" level="INFO">I have something to say</msg>
<arg>I have something to say</arg>
<doc>Logs the given message with the given level.</doc>
<status status="PASS" start="2024-03-26T13:15:05.172095" elapsed="0.000000"/>
</kw>
<kw name="Log Many" owner="BuiltIn">
<msg time="2024-03-26T13:15:05.173130" level="INFO">Something to say 1</msg>
<msg time="2024-03-26T13:15:05.173130" level="INFO">Something to say 2</msg>
<msg time="2024-03-26T13:15:05.173130" level="INFO">Something to say 3</msg>
<arg>Something to say 1</arg>
<arg>Something to say 2</arg>
<arg>Something to say 3</arg>
<doc>Logs the given messages as separate entries using the INFO level.</doc>
<status status="PASS" start="2024-03-26T13:15:05.172095" elapsed="0.001035"/>
</kw>
<kw name="Log To Console" owner="BuiltIn">
<arg>This can only be seen in the console, not the log!</arg>
<doc>Logs the given message to the console.</doc>
<status status="PASS" start="2024-03-26T13:15:05.173130" elapsed="0.000000"/>
</kw>
<kw name="Log Variables" owner="BuiltIn">
<msg time="2024-03-26T13:15:05.174165" level="INFO">${/} = \</msg>
<msg time="2024-03-26T13:15:05.174165" level="INFO">${:} = ;</msg>
<msg time="2024-03-26T13:15:05.174165" level="INFO">${\n} = 
</msg>
<msg time="2024-03-26T13:15:05.174165" level="INFO">${DEBUG_FILE} = NONE</msg>
<msg time="2024-03-26T13:15:05.174165" level="INFO">${EXECDIR} = C:\development\Practice_scripts</msg>
<msg time="2024-03-26T13:15:05.174165" level="INFO">${False} = False</msg>
<msg time="2024-03-26T13:15:05.174165" level="INFO">${GLOBAL1} = I am global variable 1</msg>
<msg time="2024-03-26T13:15:05.174165" level="INFO">${LOG_FILE} = C:\development\Practice_scripts\results\built-in\log.html</msg>
<msg time="2024-03-26T13:15:05.174165" level="INFO">${LOG_LEVEL} = INFO</msg>
<msg time="2024-03-26T13:15:05.174165" level="INFO">${None} = None</msg>
<msg time="2024-03-26T13:15:05.174165" level="INFO">${null} = None</msg>
<msg time="2024-03-26T13:15:05.175201" level="INFO">&amp;{OPTIONS} = { include=[] | exclude=[] | skip=[] | skip_on_failure=[] }</msg>
<msg time="2024-03-26T13:15:05.175201" level="INFO">${OUTPUT_DIR} = C:\development\Practice_scripts\results\built-in</msg>
<msg time="2024-03-26T13:15:05.175201" level="INFO">${OUTPUT_FILE} = C:\development\Practice_scripts\results\built-in\output.xml</msg>
<msg time="2024-03-26T13:15:05.175201" level="INFO">${PREV_TEST_MESSAGE} = </msg>
<msg time="2024-03-26T13:15:05.175201" level="INFO">${PREV_TEST_NAME} = Declare and set variables</msg>
<msg time="2024-03-26T13:15:05.175201" level="INFO">${PREV_TEST_STATUS} = PASS</msg>
<msg time="2024-03-26T13:15:05.175201" level="INFO">${REPORT_FILE} = C:\development\Practice_scripts\results\built-in\report.html</msg>
<msg time="2024-03-26T13:15:05.175201" level="INFO">${SOME_GLOBAL_DATA} = This available everywhere</msg>
<msg time="2024-03-26T13:15:05.175201" level="INFO">${some_suite_data} = This is available within all tests in this suite</msg>
<msg time="2024-03-26T13:15:05.175201" level="INFO">${SPACE} =  </msg>
<msg time="2024-03-26T13:15:05.175201" level="INFO">${SUITE_DOCUMENTATION} = Checking out the built-in library</msg>
<msg time="2024-03-26T13:15:05.175201" level="INFO">&amp;{SUITE_METADATA} = { }</msg>
<msg time="2024-03-26T13:15:05.175201" level="INFO">${SUITE_NAME} = Built in</msg>
<msg time="2024-03-26T13:15:05.175201" level="INFO">${SUITE_SOURCE} = C:\development\Practice_scripts\tests\Built_in.robot</msg>
<msg time="2024-03-26T13:15:05.175201" level="INFO">${TEMPDIR} = C:\Users\SOUNDH~1.MK\AppData\Local\Temp</msg>
<msg time="2024-03-26T13:15:05.175201" level="INFO">${TEST_DOCUMENTATION} = </msg>
<msg time="2024-03-26T13:15:05.175201" level="INFO">${TEST_NAME} = Logging stuff</msg>
<msg time="2024-03-26T13:15:05.175201" level="INFO">@{TEST_TAGS} = [ BuiltIn ]</msg>
<msg time="2024-03-26T13:15:05.175201" level="INFO">${True} = True</msg>
<doc>Logs all variables in the current scope with given log level.</doc>
<status status="PASS" start="2024-03-26T13:15:05.173130" elapsed="0.002071"/>
</kw>
<kw name="Log" owner="BuiltIn">
<msg time="2024-03-26T13:15:05.176236" level="INFO">This is available within all tests in this suite</msg>
<arg>${some_suite_data}</arg>
<doc>Logs the given message with the given level.</doc>
<status status="PASS" start="2024-03-26T13:15:05.176236" elapsed="0.000000"/>
</kw>
<kw name="Log" owner="BuiltIn">
<msg time="2024-03-26T13:15:05.176236" level="INFO">I am global variable 1</msg>
<arg>${GLOBAL1}</arg>
<doc>Logs the given message with the given level.</doc>
<status status="PASS" start="2024-03-26T13:15:05.176236" elapsed="0.000000"/>
</kw>
<kw name="Log" owner="BuiltIn">
<msg time="2024-03-26T13:15:05.177259" level="INFO">This available everywhere</msg>
<arg>${SOME_GLOBAL_DATA}</arg>
<doc>Logs the given message with the given level.</doc>
<status status="PASS" start="2024-03-26T13:15:05.177259" elapsed="0.000000"/>
</kw>
<tag>BuiltIn</tag>
<status status="PASS" start="2024-03-26T13:15:05.170016" elapsed="0.007243"/>
</test>
<test id="s1-t3" name="Ignore failures in this test" line="38">
<kw name="Open Browser" owner="SeleniumLibrary">
<msg time="2024-03-26T13:15:05.179321" level="INFO">Opening browser 'firefox' to base url 'http://www.amazon.com'.</msg>
<arg>http://www.amazon.com</arg>
<arg>firefox</arg>
<doc>Opens a new browser instance to the optional ``url``.</doc>
<status status="PASS" start="2024-03-26T13:15:05.179321" elapsed="8.710085"/>
</kw>
<kw name="Run Keyword And Continue On Failure" owner="BuiltIn">
<kw name="Wait Until Page Contains" owner="SeleniumLibrary">
<msg time="2024-03-26T13:17:13.171878" level="WARN">Keyword 'Capture Page Screenshot' could not be run on failure: Message: Failed to decode response from marionette
</msg>
<msg time="2024-03-26T13:17:13.171878" level="FAIL">Text 'This text doesn't exist' did not appear in 5 seconds.</msg>
<arg>This text doesn't exist</arg>
<doc>Waits until ``text`` appears on the current page.</doc>
<status status="FAIL" start="2024-03-26T13:15:13.890406" elapsed="119.391628">Text 'This text doesn't exist' did not appear in 5 seconds.</status>
</kw>
<arg>Wait Until Page Contains</arg>
<arg>This text doesn't exist</arg>
<doc>Runs the keyword and continues execution even if a failure occurs.</doc>
<status status="FAIL" start="2024-03-26T13:15:13.890406" elapsed="119.391628">Text 'This text doesn't exist' did not appear in 5 seconds.</status>
</kw>
<kw name="Run Keyword And Continue On Failure" owner="BuiltIn">
<kw name="Wait Until Page Contains" owner="SeleniumLibrary">
<msg time="2024-03-26T13:17:13.282034" level="WARN">Keyword 'Capture Page Screenshot' could not be run on failure: Message: Tried to run command without establishing a connection
</msg>
<msg time="2024-03-26T13:17:13.282034" level="FAIL">InvalidSessionIdException: Message: Tried to run command without establishing a connection
</msg>
<arg>More text that doesn't exist</arg>
<doc>Waits until ``text`` appears on the current page.</doc>
<status status="FAIL" start="2024-03-26T13:17:13.282034" elapsed="0.078709">InvalidSessionIdException: Message: Tried to run command without establishing a connection
</status>
</kw>
<arg>Wait Until Page Contains</arg>
<arg>More text that doesn't exist</arg>
<doc>Runs the keyword and continues execution even if a failure occurs.</doc>
<status status="FAIL" start="2024-03-26T13:17:13.282034" elapsed="0.078709">InvalidSessionIdException: Message: Tried to run command without establishing a connection
</status>
</kw>
<kw name="Log" owner="BuiltIn">
<msg time="2024-03-26T13:17:13.360743" level="INFO">This is available within all tests in this suite</msg>
<arg>${some_suite_data}</arg>
<doc>Logs the given message with the given level.</doc>
<status status="PASS" start="2024-03-26T13:17:13.360743" elapsed="0.000000"/>
</kw>
<kw name="Log" owner="BuiltIn">
<msg time="2024-03-26T13:17:13.360743" level="INFO">I am global variable 1</msg>
<arg>${GLOBAL1}</arg>
<doc>Logs the given message with the given level.</doc>
<status status="PASS" start="2024-03-26T13:17:13.360743" elapsed="0.000000"/>
</kw>
<kw name="Log" owner="BuiltIn">
<msg time="2024-03-26T13:17:13.370252" level="INFO">This available everywhere</msg>
<arg>${SOME_GLOBAL_DATA}</arg>
<doc>Logs the given message with the given level.</doc>
<status status="PASS" start="2024-03-26T13:17:13.370252" elapsed="0.000000"/>
</kw>
<kw name="Close Browser" owner="SeleniumLibrary">
<doc>Closes the current browser.</doc>
<status status="PASS" start="2024-03-26T13:17:13.370758" elapsed="2.063994"/>
</kw>
<tag>BuiltIn</tag>
<status status="FAIL" start="2024-03-26T13:15:05.178291" elapsed="130.272096">Several failures occurred:

1) Text 'This text doesn't exist' did not appear in 5 seconds.

2) InvalidSessionIdException: Message: Tried to run command without establishing a connection
</status>
</test>
<test id="s1-t4" name="Repeat things" line="52">
<kw name="Repeat Keyword" owner="BuiltIn">
<msg time="2024-03-26T13:17:15.450387" level="INFO">Repeating keyword, round 1/3.</msg>
<kw name="Say something funny">
<kw name="Log" owner="BuiltIn">
<msg time="2024-03-26T13:17:15.450387" level="INFO">These pretzels are making me thirsty...</msg>
<arg>These pretzels are making me thirsty...</arg>
<doc>Logs the given message with the given level.</doc>
<status status="PASS" start="2024-03-26T13:17:15.450387" elapsed="0.000000"/>
</kw>
<status status="PASS" start="2024-03-26T13:17:15.450387" elapsed="0.000000"/>
</kw>
<msg time="2024-03-26T13:17:15.450387" level="INFO">Repeating keyword, round 2/3.</msg>
<kw name="Say something funny">
<kw name="Log" owner="BuiltIn">
<msg time="2024-03-26T13:17:15.450387" level="INFO">These pretzels are making me thirsty...</msg>
<arg>These pretzels are making me thirsty...</arg>
<doc>Logs the given message with the given level.</doc>
<status status="PASS" start="2024-03-26T13:17:15.450387" elapsed="0.000000"/>
</kw>
<status status="PASS" start="2024-03-26T13:17:15.450387" elapsed="0.000000"/>
</kw>
<msg time="2024-03-26T13:17:15.450387" level="INFO">Repeating keyword, round 3/3.</msg>
<kw name="Say something funny">
<kw name="Log" owner="BuiltIn">
<msg time="2024-03-26T13:17:15.450387" level="INFO">These pretzels are making me thirsty...</msg>
<arg>These pretzels are making me thirsty...</arg>
<doc>Logs the given message with the given level.</doc>
<status status="PASS" start="2024-03-26T13:17:15.450387" elapsed="0.000000"/>
</kw>
<status status="PASS" start="2024-03-26T13:17:15.450387" elapsed="0.000000"/>
</kw>
<arg>3 Times</arg>
<arg>Say Something Funny</arg>
<doc>Executes the specified keyword multiple times.</doc>
<status status="PASS" start="2024-03-26T13:17:15.450387" elapsed="0.000000"/>
</kw>
<kw name="Log" owner="BuiltIn">
<msg time="2024-03-26T13:17:15.450387" level="INFO">This is available within all tests in this suite</msg>
<arg>${some_suite_data}</arg>
<doc>Logs the given message with the given level.</doc>
<status status="PASS" start="2024-03-26T13:17:15.450387" elapsed="0.000000"/>
</kw>
<kw name="Log" owner="BuiltIn">
<msg time="2024-03-26T13:17:15.450387" level="INFO">I am global variable 1</msg>
<arg>${GLOBAL1}</arg>
<doc>Logs the given message with the given level.</doc>
<status status="PASS" start="2024-03-26T13:17:15.450387" elapsed="0.000000"/>
</kw>
<kw name="Log" owner="BuiltIn">
<msg time="2024-03-26T13:17:15.450387" level="INFO">This available everywhere</msg>
<arg>${SOME_GLOBAL_DATA}</arg>
<doc>Logs the given message with the given level.</doc>
<status status="PASS" start="2024-03-26T13:17:15.450387" elapsed="0.000000"/>
</kw>
<status status="PASS" start="2024-03-26T13:17:15.450387" elapsed="0.000000"/>
</test>
<doc>Checking out the built-in library</doc>
<status status="FAIL" start="2024-03-26T13:15:04.869153" elapsed="130.581234"/>
</suite>
<statistics>
<total>
<stat pass="3" fail="1" skip="0">All Tests</stat>
</total>
<tag>
<stat pass="1" fail="1" skip="0">BuiltIn</stat>
</tag>
<suite>
<stat pass="3" fail="1" skip="0" id="s1" name="Built in">Built in</stat>
</suite>
</statistics>
<errors>
<msg time="2024-03-26T13:17:13.171878" level="WARN">Keyword 'Capture Page Screenshot' could not be run on failure: Message: Failed to decode response from marionette
</msg>
<msg time="2024-03-26T13:17:13.282034" level="WARN">Keyword 'Capture Page Screenshot' could not be run on failure: Message: Tried to run command without establishing a connection
</msg>
</errors>
</robot>
