<?xml version="1.0" encoding="UTF-8"?>
<robot generator="Robot 7.0 (Python 3.12.1 on win32)" generated="2024-03-26T16:46:12.091458" rpa="false" schemaversion="5">
<suite id="s1" name="Operating System" source="C:\development\Practice_scripts\tests\operating_system.robot">
<test id="s1-t1" name="Create Some Directories" line="14">
<kw name="Create the Base Directory" owner="OS">
<kw name="Create Directory" owner="OperatingSystem">
<msg time="2024-03-26T16:46:12.160055" level="INFO" html="true">Created directory '&lt;a href="file://C:\development\Practice_scripts\Outputs"&gt;C:\development\Practice_scripts\Outputs&lt;/a&gt;'.</msg>
<arg>${output_directory}</arg>
<doc>Creates the specified directory.</doc>
<status status="PASS" start="2024-03-26T16:46:12.159072" elapsed="0.000983"/>
</kw>
<kw name="Should Exist" owner="OperatingSystem">
<msg time="2024-03-26T16:46:12.161073" level="INFO" html="true">Path '&lt;a href="file://C:\development\Practice_scripts\Outputs"&gt;C:\development\Practice_scripts\Outputs&lt;/a&gt;' exists.</msg>
<arg>${output_directory}</arg>
<doc>Fails unless the given path (file or directory) exists.</doc>
<status status="PASS" start="2024-03-26T16:46:12.160055" elapsed="0.001018"/>
</kw>
<status status="PASS" start="2024-03-26T16:46:12.158072" elapsed="0.003001"/>
</kw>
<kw name="Create Directory 1" owner="OS">
<kw name="Join Path" owner="OperatingSystem">
<msg time="2024-03-26T16:46:12.162073" level="INFO">${directory_path} = Outputs\first directory</msg>
<var>${directory_path}</var>
<arg>${output_directory}</arg>
<arg>${directory_1}</arg>
<doc>Joins the given path part(s) to the given base path.</doc>
<status status="PASS" start="2024-03-26T16:46:12.162073" elapsed="0.000000"/>
</kw>
<kw name="Create Directory" owner="OperatingSystem">
<msg time="2024-03-26T16:46:12.163073" level="INFO" html="true">Created directory '&lt;a href="file://C:\development\Practice_scripts\Outputs\first directory"&gt;C:\development\Practice_scripts\Outputs\first directory&lt;/a&gt;'.</msg>
<arg>${directory_path}</arg>
<doc>Creates the specified directory.</doc>
<status status="PASS" start="2024-03-26T16:46:12.162073" elapsed="0.001000"/>
</kw>
<kw name="Should Exist" owner="OperatingSystem">
<msg time="2024-03-26T16:46:12.163073" level="INFO" html="true">Path '&lt;a href="file://C:\development\Practice_scripts\Outputs\first directory"&gt;C:\development\Practice_scripts\Outputs\first directory&lt;/a&gt;' exists.</msg>
<arg>${directory_path}</arg>
<doc>Fails unless the given path (file or directory) exists.</doc>
<status status="PASS" start="2024-03-26T16:46:12.163073" elapsed="0.001000"/>
</kw>
<status status="PASS" start="2024-03-26T16:46:12.161073" elapsed="0.003000"/>
</kw>
<kw name="Create Directory 2" owner="OS">
<kw name="Join Path" owner="OperatingSystem">
<msg time="2024-03-26T16:46:12.165073" level="INFO">${directory_path} = Outputs\second directory</msg>
<var>${directory_path}</var>
<arg>${output_directory}</arg>
<arg>${directory_2}</arg>
<doc>Joins the given path part(s) to the given base path.</doc>
<status status="PASS" start="2024-03-26T16:46:12.164073" elapsed="0.001000"/>
</kw>
<kw name="Create Directory" owner="OperatingSystem">
<msg time="2024-03-26T16:46:12.165073" level="INFO" html="true">Created directory '&lt;a href="file://C:\development\Practice_scripts\Outputs\second directory"&gt;C:\development\Practice_scripts\Outputs\second directory&lt;/a&gt;'.</msg>
<arg>${directory_path}</arg>
<doc>Creates the specified directory.</doc>
<status status="PASS" start="2024-03-26T16:46:12.165073" elapsed="0.000000"/>
</kw>
<kw name="Should Exist" owner="OperatingSystem">
<msg time="2024-03-26T16:46:12.166058" level="INFO" html="true">Path '&lt;a href="file://C:\development\Practice_scripts\Outputs\second directory"&gt;C:\development\Practice_scripts\Outputs\second directory&lt;/a&gt;' exists.</msg>
<arg>${directory_path}</arg>
<doc>Fails unless the given path (file or directory) exists.</doc>
<status status="PASS" start="2024-03-26T16:46:12.166058" elapsed="0.000000"/>
</kw>
<status status="PASS" start="2024-03-26T16:46:12.164073" elapsed="0.001985"/>
</kw>
<tag>OperatingSystem</tag>
<status status="PASS" start="2024-03-26T16:46:12.157054" elapsed="0.009004"/>
</test>
<test id="s1-t2" name="Create Some Files" line="20">
<kw name="Create the First File" owner="OS">
<kw name="Join Path" owner="OperatingSystem">
<msg time="2024-03-26T16:46:12.168074" level="INFO">${file_path} = Outputs\first directory\first file.txt</msg>
<var>${file_path}</var>
<arg>${output_directory}</arg>
<arg>${directory_1}</arg>
<arg>${file_1}</arg>
<doc>Joins the given path part(s) to the given base path.</doc>
<status status="PASS" start="2024-03-26T16:46:12.168074" elapsed="0.000000"/>
</kw>
<kw name="Create File" owner="OperatingSystem">
<msg time="2024-03-26T16:46:12.169136" level="INFO" html="true">Created file '&lt;a href="file://C:\development\Practice_scripts\Outputs\first directory\first file.txt"&gt;C:\development\Practice_scripts\Outputs\first directory\first file.txt&lt;/a&gt;'.</msg>
<arg>${file_path}</arg>
<arg>This is some text in file one!</arg>
<doc>Creates a file with the given content and encoding.</doc>
<status status="PASS" start="2024-03-26T16:46:12.168074" elapsed="0.001062"/>
</kw>
<kw name="Should Exist" owner="OperatingSystem">
<msg time="2024-03-26T16:46:12.169136" level="INFO" html="true">Path '&lt;a href="file://C:\development\Practice_scripts\Outputs\first directory\first file.txt"&gt;C:\development\Practice_scripts\Outputs\first directory\first file.txt&lt;/a&gt;' exists.</msg>
<arg>${file_path}</arg>
<doc>Fails unless the given path (file or directory) exists.</doc>
<status status="PASS" start="2024-03-26T16:46:12.169136" elapsed="0.000000"/>
</kw>
<status status="PASS" start="2024-03-26T16:46:12.168074" elapsed="0.002104"/>
</kw>
<kw name="Create the Second File" owner="OS">
<kw name="Join Path" owner="OperatingSystem">
<msg time="2024-03-26T16:46:12.170178" level="INFO">${file_path} = Outputs\second directory\second file.txt</msg>
<var>${file_path}</var>
<arg>${output_directory}</arg>
<arg>${directory_2}</arg>
<arg>${file_2}</arg>
<doc>Joins the given path part(s) to the given base path.</doc>
<status status="PASS" start="2024-03-26T16:46:12.170178" elapsed="0.000000"/>
</kw>
<kw name="Create File" owner="OperatingSystem">
<msg time="2024-03-26T16:46:12.171182" level="INFO" html="true">Created file '&lt;a href="file://C:\development\Practice_scripts\Outputs\second directory\second file.txt"&gt;C:\development\Practice_scripts\Outputs\second directory\second file.txt&lt;/a&gt;'.</msg>
<arg>${file_path}</arg>
<arg>This is some text in file two!</arg>
<doc>Creates a file with the given content and encoding.</doc>
<status status="PASS" start="2024-03-26T16:46:12.171182" elapsed="0.001001"/>
</kw>
<kw name="Should Exist" owner="OperatingSystem">
<msg time="2024-03-26T16:46:12.172183" level="INFO" html="true">Path '&lt;a href="file://C:\development\Practice_scripts\Outputs\second directory\second file.txt"&gt;C:\development\Practice_scripts\Outputs\second directory\second file.txt&lt;/a&gt;' exists.</msg>
<arg>${file_path}</arg>
<doc>Fails unless the given path (file or directory) exists.</doc>
<status status="PASS" start="2024-03-26T16:46:12.172183" elapsed="0.000000"/>
</kw>
<status status="PASS" start="2024-03-26T16:46:12.170178" elapsed="0.002005"/>
</kw>
<kw name="Create the Third File" owner="OS">
<kw name="Join Path" owner="OperatingSystem">
<msg time="2024-03-26T16:46:12.173276" level="INFO">${file_path} = Outputs\second directory\third file.txt</msg>
<var>${file_path}</var>
<arg>${output_directory}</arg>
<arg>${directory_2}</arg>
<arg>${file_3}</arg>
<doc>Joins the given path part(s) to the given base path.</doc>
<status status="PASS" start="2024-03-26T16:46:12.173276" elapsed="0.000000"/>
</kw>
<kw name="Create File" owner="OperatingSystem">
<msg time="2024-03-26T16:46:12.174327" level="INFO" html="true">Created file '&lt;a href="file://C:\development\Practice_scripts\Outputs\second directory\third file.txt"&gt;C:\development\Practice_scripts\Outputs\second directory\third file.txt&lt;/a&gt;'.</msg>
<arg>${file_path}</arg>
<arg>This is some text in file three!</arg>
<doc>Creates a file with the given content and encoding.</doc>
<status status="PASS" start="2024-03-26T16:46:12.173276" elapsed="0.001051"/>
</kw>
<kw name="Should Exist" owner="OperatingSystem">
<msg time="2024-03-26T16:46:12.175326" level="INFO" html="true">Path '&lt;a href="file://C:\development\Practice_scripts\Outputs\second directory\third file.txt"&gt;C:\development\Practice_scripts\Outputs\second directory\third file.txt&lt;/a&gt;' exists.</msg>
<arg>${file_path}</arg>
<doc>Fails unless the given path (file or directory) exists.</doc>
<status status="PASS" start="2024-03-26T16:46:12.175326" elapsed="0.000000"/>
</kw>
<status status="PASS" start="2024-03-26T16:46:12.172183" elapsed="0.003143"/>
</kw>
<tag>OperatingSystem</tag>
<status status="PASS" start="2024-03-26T16:46:12.167055" elapsed="0.009270"/>
</test>
<test id="s1-t3" name="Move a File" line="26">
<kw name="Move File 3 from Directory 2 to Directory 1" owner="OS">
<kw name="Join Path" owner="OperatingSystem">
<msg time="2024-03-26T16:46:12.177326" level="INFO">${source_path} = Outputs\second directory\third file.txt</msg>
<var>${source_path}</var>
<arg>${output_directory}</arg>
<arg>${directory_2}</arg>
<arg>${file_3}</arg>
<doc>Joins the given path part(s) to the given base path.</doc>
<status status="PASS" start="2024-03-26T16:46:12.177326" elapsed="0.000000"/>
</kw>
<kw name="Join Path" owner="OperatingSystem">
<msg time="2024-03-26T16:46:12.178326" level="INFO">${target_path} = Outputs\first directory\third file.txt</msg>
<var>${target_path}</var>
<arg>${output_directory}</arg>
<arg>${directory_1}</arg>
<arg>${file_3}</arg>
<doc>Joins the given path part(s) to the given base path.</doc>
<status status="PASS" start="2024-03-26T16:46:12.178326" elapsed="0.000000"/>
</kw>
<kw name="Move File" owner="OperatingSystem">
<msg time="2024-03-26T16:46:12.180545" level="INFO" html="true">Moved file from '&lt;a href="file://C:\development\Practice_scripts\Outputs\second directory\third file.txt"&gt;C:\development\Practice_scripts\Outputs\second directory\third file.txt&lt;/a&gt;' to '&lt;a href="file://C:\development\Practice_scripts\Outputs\first directory\third file.txt"&gt;C:\development\Practice_scripts\Outputs\first directory\third file.txt&lt;/a&gt;'.</msg>
<arg>${source_path}</arg>
<arg>${target_path}</arg>
<doc>Moves the source file into the destination.</doc>
<status status="PASS" start="2024-03-26T16:46:12.178326" elapsed="0.003219"/>
</kw>
<kw name="Should Exist" owner="OperatingSystem">
<msg time="2024-03-26T16:46:12.181545" level="INFO" html="true">Path '&lt;a href="file://C:\development\Practice_scripts\Outputs\first directory\third file.txt"&gt;C:\development\Practice_scripts\Outputs\first directory\third file.txt&lt;/a&gt;' exists.</msg>
<arg>${target_path}</arg>
<doc>Fails unless the given path (file or directory) exists.</doc>
<status status="PASS" start="2024-03-26T16:46:12.181545" elapsed="0.000000"/>
</kw>
<kw name="Should Not Exist" owner="OperatingSystem">
<msg time="2024-03-26T16:46:12.182545" level="INFO" html="true">Path '&lt;a href="file://C:\development\Practice_scripts\Outputs\second directory\third file.txt"&gt;C:\development\Practice_scripts\Outputs\second directory\third file.txt&lt;/a&gt;' does not exist.</msg>
<arg>${source_path}</arg>
<doc>Fails if the given path (file or directory) exists.</doc>
<status status="PASS" start="2024-03-26T16:46:12.181545" elapsed="0.001000"/>
</kw>
<status status="PASS" start="2024-03-26T16:46:12.177326" elapsed="0.005219"/>
</kw>
<tag>OperatingSystem</tag>
<status status="PASS" start="2024-03-26T16:46:12.176325" elapsed="0.006220"/>
</test>
<test id="s1-t4" name="Copy a File" line="30">
<kw name="Copy File 1 from Directory 1 to Directory 2" owner="OS">
<kw name="Join Path" owner="OperatingSystem">
<msg time="2024-03-26T16:46:12.184700" level="INFO">${source_path} = Outputs\first directory\first file.txt</msg>
<var>${source_path}</var>
<arg>${output_directory}</arg>
<arg>${directory_1}</arg>
<arg>${file_1}</arg>
<doc>Joins the given path part(s) to the given base path.</doc>
<status status="PASS" start="2024-03-26T16:46:12.184700" elapsed="0.000000"/>
</kw>
<kw name="Join Path" owner="OperatingSystem">
<msg time="2024-03-26T16:46:12.184700" level="INFO">${target_path} = Outputs\second directory\first file.txt</msg>
<var>${target_path}</var>
<arg>${output_directory}</arg>
<arg>${directory_2}</arg>
<arg>${file_1}</arg>
<doc>Joins the given path part(s) to the given base path.</doc>
<status status="PASS" start="2024-03-26T16:46:12.184700" elapsed="0.000000"/>
</kw>
<kw name="Copy File" owner="OperatingSystem">
<msg time="2024-03-26T16:46:12.194713" level="INFO" html="true">Copied file from '&lt;a href="file://C:\development\Practice_scripts\Outputs\first directory\first file.txt"&gt;C:\development\Practice_scripts\Outputs\first directory\first file.txt&lt;/a&gt;' to '&lt;a href="file://C:\development\Practice_scripts\Outputs\second directory\first file.txt"&gt;C:\development\Practice_scripts\Outputs\second directory\first file.txt&lt;/a&gt;'.</msg>
<arg>${source_path}</arg>
<arg>${target_path}</arg>
<doc>Copies the source file into the destination.</doc>
<status status="PASS" start="2024-03-26T16:46:12.185700" elapsed="0.009013"/>
</kw>
<kw name="Should Exist" owner="OperatingSystem">
<msg time="2024-03-26T16:46:12.195755" level="INFO" html="true">Path '&lt;a href="file://C:\development\Practice_scripts\Outputs\first directory\first file.txt"&gt;C:\development\Practice_scripts\Outputs\first directory\first file.txt&lt;/a&gt;' exists.</msg>
<arg>${source_path}</arg>
<doc>Fails unless the given path (file or directory) exists.</doc>
<status status="PASS" start="2024-03-26T16:46:12.194713" elapsed="0.001042"/>
</kw>
<kw name="Should Exist" owner="OperatingSystem">
<msg time="2024-03-26T16:46:12.195755" level="INFO" html="true">Path '&lt;a href="file://C:\development\Practice_scripts\Outputs\second directory\first file.txt"&gt;C:\development\Practice_scripts\Outputs\second directory\first file.txt&lt;/a&gt;' exists.</msg>
<arg>${target_path}</arg>
<doc>Fails unless the given path (file or directory) exists.</doc>
<status status="PASS" start="2024-03-26T16:46:12.195755" elapsed="0.000000"/>
</kw>
<status status="PASS" start="2024-03-26T16:46:12.184700" elapsed="0.011055"/>
</kw>
<tag>OperatingSystem</tag>
<status status="PASS" start="2024-03-26T16:46:12.183613" elapsed="0.013142"/>
</test>
<doc>These are some file &amp; directory tests</doc>
<status status="PASS" start="2024-03-26T16:46:12.093459" elapsed="0.103296"/>
</suite>
<statistics>
<total>
<stat pass="4" fail="0" skip="0">All Tests</stat>
</total>
<tag>
<stat pass="4" fail="0" skip="0">OperatingSystem</stat>
</tag>
<suite>
<stat pass="4" fail="0" skip="0" id="s1" name="Operating System">Operating System</stat>
</suite>
</statistics>
<errors>
</errors>
</robot>
